#
# A fatal error has been detected by the Java Runtime Environment:
#
#  EXCEPTION_ACCESS_VIOLATION (0xc0000005) at pc=0x00007ffe4720b864, pid=9192, tid=20860
#
# JRE version: Java(TM) SE Runtime Environment (25.0.1+8) (build 25.0.1+8-LTS-27)
# Java VM: Java HotSpot(TM) 64-Bit Server VM (25.0.1+8-LTS-27, mixed mode, sharing, tiered, compressed oops, compressed class ptrs, parallel gc, windows-amd64)
# Problematic frame:
# V  [jvm.dll+0x45b864]
#
# No core dump will be written. Minidumps are not enabled by default on client versions of Windows
#
# If you would like to submit a bug report, please visit:
#   https://bugreport.java.com/bugreport/crash.jsp
#

---------------  S U M M A R Y ------------

Command Line: -Djdk.xml.maxGeneralEntitySizeLimit=0 -Djdk.xml.totalEntitySizeLimit=0 --add-modules=ALL-SYSTEM --add-opens=java.base/java.util=ALL-UNNAMED --add-opens=java.base/java.lang=ALL-UNNAMED --add-opens=java.base/sun.nio.fs=ALL-UNNAMED -Declipse.application=org.eclipse.jdt.ls.core.id1 -Dosgi.bundles.defaultStartLevel=4 -Declipse.product=org.eclipse.jdt.ls.core.product -Djava.import.generatesMetadataFilesAtProjectRoot=false -DDetectVMInstallationsJob.disabled=true -Dfile.encoding=utf8 -XX:+UseParallelGC -XX:GCTimeRatio=4 -XX:AdaptiveSizePolicyWeight=90 -Dsun.zip.disableMemoryMapping=true -Xmx2G -Xms100m -Xlog:disable -javaagent:c:\Users\anggi\.vscode\extensions\redhat.java-1.48.2025111408\lombok\lombok-1.18.39-4050.jar -XX:+HeapDumpOnOutOfMemoryError -XX:HeapDumpPath=c:\Users\anggi\AppData\Roaming\Code\User\workspaceStorage\7c8b50e28cf072eb8845b0357614f798\redhat.java -Daether.dependencyCollector.impl=bf -XX:+UnlockDiagnosticVMOptions -XX:+AllowArchivingWithJavaAgent -XX:+AutoCreateSharedArchive -XX:SharedArchiveFile=c:\Users\anggi\AppData\Roaming\Code\User\globalStorage\redhat.java\1.48.2025111408\jdtls.jsa c:\Users\anggi\.vscode\extensions\redhat.java-1.48.2025111408\server\plugins\org.eclipse.equinox.launcher_1.7.100.v20251111-0406.jar -configuration c:\Users\anggi\AppData\Roaming\Code\User\globalStorage\redhat.java\1.48.2025111408\config_win -data c:\Users\anggi\AppData\Roaming\Code\User\workspaceStorage\7c8b50e28cf072eb8845b0357614f798\redhat.java\jdt_ws --pipe=\\.\pipe\lsp-1ec6f52d1d107921033518fd5994b7a9-sock

Host: AMD Ryzen 7 7730U with Radeon Graphics         , 16 cores, 15G,  Windows 11 , 64 bit Build 26100 (10.0.26100.7019)
Time: Wed Nov 19 14:20:02 2025 SE Asia Standard Time elapsed time: 2303.763448 seconds (0d 0h 38m 23s)

---------------  T H R E A D  ---------------

Current thread (0x000001b708170d70):  VMThread "VM Thread"          [id=20860, stack(0x00000046cdc00000,0x00000046cdd00000) (1024K)]

Stack: [0x00000046cdc00000,0x00000046cdd00000],  sp=0x00000046cdcfeef0,  free space=1019k
Native frames: (J=compiled Java code, j=interpreted, Vv=VM code, C=native code)
V  [jvm.dll+0x45b864]  (no source info available)
V  [jvm.dll+0x45b8af]  (no source info available)
V  [jvm.dll+0x461316]  (no source info available)
V  [jvm.dll+0x38668a]  (no source info available)
V  [jvm.dll+0x3855c6]  (no source info available)
V  [jvm.dll+0x385a03]  (no source info available)
V  [jvm.dll+0x96f091]  (no source info available)
V  [jvm.dll+0x9703ad]  (no source info available)
V  [jvm.dll+0x970929]  (no source info available)
V  [jvm.dll+0x970bd3]  (no source info available)
V  [jvm.dll+0x906a0d]  (no source info available)
V  [jvm.dll+0x7a5135]  (no source info available)
C  [ucrtbase.dll+0x37b0]  (no source info available)
C  [KERNEL32.DLL+0x2e8d7]  (no source info available)
C  [ntdll.dll+0x8c53c]  (no source info available)


siginfo: EXCEPTION_ACCESS_VIOLATION (0xc0000005), reading address 0x00000000000000e0


Registers:
RAX=0x0000000014183901, RBX=0x0000000000000000, RCX=0x0000000000000000, RDX=0x0000000000000000
RSP=0x00000046cdcfeef0, RBP=0x00000046cdcfefd0, RSI=0x0000000000000001, RDI=0x000001b743b784f8
R8 =0x000001b705b98040, R9 =0x000000000000018a, R10=0x000001b705b90000, R11=0x00000046cdcfef40
R12=0x00007ffe4787dbd0, R13=0x00007ffe4788acb8, R14=0x000001b7416ce388, R15=0x00007ffe4787daf8
RIP=0x00007ffe4720b864, EFLAGS=0x0000000000010287

XMM[0]=0x0000000000000000 0x0000000000000000
XMM[1]=0x000001b740fa1188 0x000001b740fa11e0
XMM[2]=0x000001b741641358 0x000001b741641460
XMM[3]=0x000001b741641148 0x000001b7416411a0
XMM[4]=0x000001b7416415c0 0x000001b7416410f0
XMM[5]=0x000001b740fa1290 0x000001b740fa1130
XMM[6]=0x0000000000000000 0x0000000000000000
XMM[7]=0x0000000000000000 0x0000000000000000
XMM[8]=0x0000000000000000 0x404e000000000000
XMM[9]=0x0000000000000000 0x0000000000000000
XMM[10]=0x0000000000000000 0x0000000000000000
XMM[11]=0x0000000000000000 0x0000000000000000
XMM[12]=0x0000000000000000 0x0000000000000000
XMM[13]=0x0000000000000000 0x0000000000000000
XMM[14]=0x0000000000000000 0x0000000000000000
XMM[15]=0x0000000000000000 0x0000000000000000
  MXCSR=0x00001fa0


Register to memory mapping:

RAX=0x0000000014183901 is pointing into metadata
RBX=0x0 is null
RCX=0x0 is null
RDX=0x0 is null
RSP=0x00000046cdcfeef0 points into unknown readable memory: 0x000001b705d20000 | 00 00 d2 05 b7 01 00 00
RBP=0x00000046cdcfefd0 points into unknown readable memory: 0x00007ffe4788acc8 | c8 ac 88 47 fe 7f 00 00
RSI=0x0000000000000001 is an unknown value
RDI=0x000001b743b784f8 points into unknown readable memory: 0x0000000000000000 | 00 00 00 00 00 00 00 00
R8 =0x000001b705b98040 points into unknown readable memory: 0x000001b705b90d20 | 20 0d b9 05 b7 01 00 00
R9 =0x000000000000018a is an unknown value
R10=0x000001b705b90000 points into unknown readable memory: 0x0000000000000000 | 00 00 00 00 00 00 00 00
R11=0x00000046cdcfef40 points into unknown readable memory: 0x000001b7416ce518 | 18 e5 6c 41 b7 01 00 00
R12=0x00007ffe4787dbd0 jvm.dll
R13=0x00007ffe4788acb8 jvm.dll
R14=0x000001b7416ce388 points into unknown readable memory: 0x0000000014010080 | 80 00 01 14 00 00 00 00
R15=0x00007ffe4787daf8 jvm.dll

Top of Stack: (sp=0x00000046cdcfeef0)
0x00000046cdcfeef0:   000001b705d20000 0000000000000000   ................
0x00000046cdcfef00:   000001b781dfcb00 00007ffe47416c36   ........6lAG....
0x00000046cdcfef10:   000001b743b784f8 00007ffe4720b8af   ...C...... G....
0x00000046cdcfef20:   0000000000000000 0000000000000001   ................
0x00000046cdcfef30:   000001b7416ce388 000001b7080f17e0   ..lA............
0x00000046cdcfef40:   000001b7416ce518 00007ffe47211316   ..lA......!G....
0x00000046cdcfef50:   0000000000000000 00007ffe478a3fe0   .........?.G....
0x00000046cdcfef60:   000001b7416ce388 00000046cdcfefd0   ..lA........F...
0x00000046cdcfef70:   0000000000007e08 0000000000000000   .~..............
0x00000046cdcfef80:   0000000000000fc1 00000046cd9fedb0   ............F...
0x00000046cdcfef90:   000001b7416ce388 00007ffe4713668a   ..lA.....f.G....
0x00000046cdcfefa0:   0000000000000048 000001b7080f17e0   H...............
0x00000046cdcfefb0:   0000000000000000 00000000004926b8   .........&I.....
0x00000046cdcfefc0:   000001b7416cdbe0 00000006000001d8   ..lA............
0x00000046cdcfefd0:   00007ffe4788acc8 0000000000000000   ...G............
0x00000046cdcfefe0:   0000000000000000 0000000000000000   ................
0x00000046cdcfeff0:   00000000000003d8 0000000000000000   ................
0x00000046cdcff000:   00000000151d8988 00000046cd9fedb0   ............F...
0x00000046cdcff010:   0000000000014eb8 00007ffe47847360   .N......`s.G....
0x00000046cdcff020:   00000000000029d7 00007ffe471355c6   .).......U.G....
0x00000046cdcff030:   00007ffe00000fc1 0000000000007e08   .........~......
0x00000046cdcff040:   000001b7080f17e0 00007ffe47b28ce8   ...........G....
0x00000046cdcff050:   0000000000000000 0000000000000000   ................
0x00000046cdcff060:   0000000000000056 0000000000000000   V...............
0x00000046cdcff070:   0000000000000000 00007ffe4772d693   ..........rG....
0x00000046cdcff080:   00007ffe47aa38a0 00000046cfef0100   .8.G........F...
0x00000046cdcff090:   000011383e26087d 00007ffef240ef34   }.&>8...4.@.....
0x00000046cdcff0a0:   0000000000000000 00007ffe475510bf   ..........UG....
0x00000046cdcff0b0:   0000000000000024 00007ffe4772d563   $.......c.rG....
0x00000046cdcff0c0:   0000000000000000 00007ffe476b9c10   ..........kG....
0x00000046cdcff0d0:   000001b70816b5b0 000001b70816b9a0   ................
0x00000046cdcff0e0:   00007ffe47b51b70 00007ffe47847360   p..G....`s.G....

Instructions: (pc=0x00007ffe4720b864)
  0x00007ffe4720b764:   7e 20 74 0c 4d 89 66 18 4d 89 7e 20 4d 89 6e 28
  0x00007ffe4720b774:   4c 8b b4 24 08 01 00 00 4c 8b ac 24 10 01 00 00
  0x00007ffe4720b784:   4c 8b a4 24 18 01 00 00 4c 8b bc 24 00 01 00 00
  0x00007ffe4720b794:   48 83 7c 24 40 00 74 55 48 8b 9f b0 06 00 00 48
  0x00007ffe4720b7a4:   8d 44 24 58 33 c9 48 89 45 a8 48 8d 45 99 48 89
  0x00007ffe4720b7b4:   4d c8 89 4d b8 4c 8d 44 24 50 88 4d c0 48 8d 54
  0x00007ffe4720b7c4:   24 40 4c 8b cf 48 89 45 b0 48 8d 4c 24 30 48 89
  0x00007ffe4720b7d4:   b7 b0 06 00 00 c7 45 bc 08 00 00 00 c6 44 24 30
  0x00007ffe4720b7e4:   0e e8 66 f8 01 00 48 89 9f b0 06 00 00 48 8d 4c
  0x00007ffe4720b7f4:   24 40 e8 05 eb fd ff 48 8b 9c 24 50 01 00 00 48
  0x00007ffe4720b804:   8b 4d f0 48 33 cc e8 c1 c5 58 00 48 81 c4 20 01
  0x00007ffe4720b814:   00 00 5f 5e 5d c3 cc cc cc cc cc cc 0f b7 41 0e
  0x00007ffe4720b824:   66 c1 e8 09 a8 01 74 03 32 c0 c3 e9 6c 9b 20 00
  0x00007ffe4720b834:   cc cc cc cc cc cc cc cc cc cc cc cc 48 89 5c 24
  0x00007ffe4720b844:   08 48 89 74 24 10 57 48 83 ec 20 48 3b 0d 6a ed
  0x00007ffe4720b854:   8d 00 48 8b d9 73 09 48 3b 0d 56 ed 8d 00 73 5b
=>0x00007ffe4720b864:   48 8b 81 e0 00 00 00 66 83 78 30 32 72 5f 48 8b
  0x00007ffe4720b874:   01 ff 50 78 48 85 c0 74 15 48 8b 03 48 8b cb ff
  0x00007ffe4720b884:   50 78 48 8b c8 e8 b2 ff ff ff 84 c0 74 3f 48 8b
  0x00007ffe4720b894:   bb a0 01 00 00 48 63 37 48 85 f6 7e 1e 33 db 48
  0x00007ffe4720b8a4:   83 c7 08 48 8b 0f e8 91 ff ff ff 84 c0 74 1e 48
  0x00007ffe4720b8b4:   ff c3 48 83 c7 08 48 3b de 7c e8 b0 01 48 8b 5c
  0x00007ffe4720b8c4:   24 30 48 8b 74 24 38 48 83 c4 20 5f c3 48 8b 5c
  0x00007ffe4720b8d4:   24 30 32 c0 48 8b 74 24 38 48 83 c4 20 5f c3 cc
  0x00007ffe4720b8e4:   cc cc cc cc cc cc cc cc cc cc cc cc 4c 89 44 24
  0x00007ffe4720b8f4:   18 53 56 57 48 83 ec 70 48 3b 15 0d 53 8e 00 49
  0x00007ffe4720b904:   8b f0 48 8b fa 48 8b d9 0f 84 88 02 00 00 48 8b
  0x00007ffe4720b914:   4a 08 48 85 c9 0f 84 7b 02 00 00 ff 15 fb e6 87
  0x00007ffe4720b924:   00 48 85 c0 0f 84 6c 02 00 00 48 8b cf e8 2a b9
  0x00007ffe4720b934:   e3 ff 84 c0 0f 85 5c 02 00 00 48 85 db 0f 84 53
  0x00007ffe4720b944:   02 00 00 66 83 7b 04 05 0f 82 48 02 00 00 48 8b
  0x00007ffe4720b954:   b6 a8 03 00 00 48 8b cb 0f b6 43 0a 0a 43 09 0a


Stack slot to memory mapping:

stack at sp + 0 slots: 0x000001b705d20000 points into unknown readable memory: 0x0000000000000000 | 00 00 00 00 00 00 00 00
stack at sp + 1 slots: 0x0 is null
stack at sp + 2 slots: 0x000001b781dfcb00 points into unknown readable memory: 0x0063006f00720050 | 50 00 72 00 6f 00 63 00
stack at sp + 3 slots: 0x00007ffe47416c36 jvm.dll
stack at sp + 4 slots: 0x000001b743b784f8 points into unknown readable memory: 0x0000000000000000 | 00 00 00 00 00 00 00 00
stack at sp + 5 slots: 0x00007ffe4720b8af jvm.dll
stack at sp + 6 slots: 0x0 is null
stack at sp + 7 slots: 0x0000000000000001 is an unknown value

VM_Operation (0x00000046cd9feda0): PopulateDumpSharedSpace, mode: safepoint, requested by thread 0x000001b705d5a910


---------------  P R O C E S S  ---------------

Threads class SMR info:
_java_thread_list=0x000001b72f042740, length=39, elements={
0x000001b705d5a910, 0x000001b721ccfd60, 0x000001b721cd99c0, 0x000001b721cdeab0,
0x000001b721cdff60, 0x000001b721ce2890, 0x000001b721ce6770, 0x000001b7080d57d0,
0x000001b7080d5fe0, 0x000001b7289d8130, 0x000001b7290eef80, 0x000001b729025d30,
0x000001b728e6ef40, 0x000001b728e6e770, 0x000001b728e71650, 0x000001b7294a2df0,
0x000001b7294a4560, 0x000001b7294a2620, 0x000001b72d288220, 0x000001b72d2889f0,
0x000001b72d28a930, 0x000001b72d28a160, 0x000001b72d28c870, 0x000001b72d28b100,
0x000001b72d28ef80, 0x000001b72d28d810, 0x000001b72d28e7b0, 0x000001b72d27a150,
0x000001b72d278210, 0x000001b72d27c090, 0x000001b72d27ef70, 0x000001b72d27d030,
0x000001b72eccb8f0, 0x000001b72d387200, 0x000001b72d384af0, 0x000001b72ed4bbf0,
0x000001b72ea77450, 0x000001b72ea76430, 0x000001b72f46f720
}

Java Threads: ( => current thread )
  0x000001b705d5a910 JavaThread "main"                              [_thread_blocked, id=2180, stack(0x00000046cd900000,0x00000046cda00000) (1024K)]
  0x000001b721ccfd60 JavaThread "Reference Handler"          daemon [_thread_blocked, id=21140, stack(0x00000046cdd00000,0x00000046cde00000) (1024K)]
  0x000001b721cd99c0 JavaThread "Finalizer"                  daemon [_thread_blocked, id=12644, stack(0x00000046cde00000,0x00000046cdf00000) (1024K)]
  0x000001b721cdeab0 JavaThread "Signal Dispatcher"          daemon [_thread_blocked, id=14068, stack(0x00000046cdf00000,0x00000046ce000000) (1024K)]
  0x000001b721cdff60 JavaThread "Attach Listener"            daemon [_thread_blocked, id=13892, stack(0x00000046ce000000,0x00000046ce100000) (1024K)]
  0x000001b721ce2890 JavaThread "Service Thread"             daemon [_thread_blocked, id=9600, stack(0x00000046ce100000,0x00000046ce200000) (1024K)]
  0x000001b721ce6770 JavaThread "Monitor Deflation Thread"   daemon [_thread_blocked, id=11752, stack(0x00000046ce200000,0x00000046ce300000) (1024K)]
  0x000001b7080d57d0 JavaThread "C2 CompilerThread0"         daemon [_thread_blocked, id=15096, stack(0x00000046ce300000,0x00000046ce400000) (1024K)]
  0x000001b7080d5fe0 JavaThread "C1 CompilerThread0"         daemon [_thread_blocked, id=12460, stack(0x00000046ce400000,0x00000046ce500000) (1024K)]
  0x000001b7289d8130 JavaThread "Common-Cleaner"             daemon [_thread_blocked, id=5000, stack(0x00000046ce800000,0x00000046ce900000) (1024K)]
  0x000001b7290eef80 JavaThread "Notification Thread"        daemon [_thread_blocked, id=19124, stack(0x00000046cea00000,0x00000046ceb00000) (1024K)]
  0x000001b729025d30 JavaThread "JNA Cleaner"                daemon [_thread_blocked, id=20924, stack(0x00000046cf900000,0x00000046cfa00000) (1024K)]
  0x000001b728e6ef40 JavaThread "InnocuousThread-1"          daemon [_thread_in_native, id=18828, stack(0x00000046d0000000,0x00000046d0100000) (1024K)]
  0x000001b728e6e770 JavaThread "InnocuousThread-2"          daemon [_thread_in_native, id=21320, stack(0x00000046d0100000,0x00000046d0200000) (1024K)]
  0x000001b728e71650 JavaThread "InnocuousThread-3"          daemon [_thread_in_native, id=468, stack(0x00000046d0200000,0x00000046d0300000) (1024K)]
  0x000001b7294a2df0 JavaThread "InnocuousThread-4"          daemon [_thread_in_native, id=16144, stack(0x00000046d0300000,0x00000046d0400000) (1024K)]
  0x000001b7294a4560 JavaThread "InnocuousThread-5"          daemon [_thread_in_native, id=3336, stack(0x00000046d0d00000,0x00000046d0e00000) (1024K)]
  0x000001b7294a2620 JavaThread "InnocuousThread-6"          daemon [_thread_in_native, id=21364, stack(0x00000046d0e00000,0x00000046d0f00000) (1024K)]
  0x000001b72d288220 JavaThread "InnocuousThread-7"          daemon [_thread_in_native, id=11144, stack(0x00000046d0f00000,0x00000046d1000000) (1024K)]
  0x000001b72d2889f0 JavaThread "InnocuousThread-8"          daemon [_thread_in_native, id=3456, stack(0x00000046d1000000,0x00000046d1100000) (1024K)]
  0x000001b72d28a930 JavaThread "InnocuousThread-9"          daemon [_thread_in_native, id=15732, stack(0x00000046d1100000,0x00000046d1200000) (1024K)]
  0x000001b72d28a160 JavaThread "InnocuousThread-10"         daemon [_thread_in_native, id=12152, stack(0x00000046d1200000,0x00000046d1300000) (1024K)]
  0x000001b72d28c870 JavaThread "InnocuousThread-11"         daemon [_thread_in_native, id=15988, stack(0x00000046d1300000,0x00000046d1400000) (1024K)]
  0x000001b72d28b100 JavaThread "InnocuousThread-12"         daemon [_thread_in_native, id=16672, stack(0x00000046d1400000,0x00000046d1500000) (1024K)]
  0x000001b72d28ef80 JavaThread "InnocuousThread-13"         daemon [_thread_in_native, id=7716, stack(0x00000046d1500000,0x00000046d1600000) (1024K)]
  0x000001b72d28d810 JavaThread "InnocuousThread-14"         daemon [_thread_in_native, id=21432, stack(0x00000046d1600000,0x00000046d1700000) (1024K)]
  0x000001b72d28e7b0 JavaThread "InnocuousThread-15"         daemon [_thread_in_native, id=16232, stack(0x00000046d1700000,0x00000046d1800000) (1024K)]
  0x000001b72d27a150 JavaThread "InnocuousThread-16"         daemon [_thread_in_native, id=9280, stack(0x00000046d1800000,0x00000046d1900000) (1024K)]
  0x000001b72d278210 JavaThread "InnocuousThread-17"         daemon [_thread_in_native, id=20420, stack(0x00000046d1900000,0x00000046d1a00000) (1024K)]
  0x000001b72d27c090 JavaThread "pool-2-thread-1"                   [_thread_blocked, id=16568, stack(0x00000046d1a00000,0x00000046d1b00000) (1024K)]
  0x000001b72d27ef70 JavaThread "WorkspaceEventsHandler"            [_thread_blocked, id=17032, stack(0x00000046d1d00000,0x00000046d1e00000) (1024K)]
  0x000001b72d27d030 JavaThread "pool-1-thread-1"                   [_thread_blocked, id=20916, stack(0x00000046d1e00000,0x00000046d1f00000) (1024K)]
  0x000001b72eccb8f0 JavaThread "Cleaner-0"                  daemon [_thread_blocked, id=14204, stack(0x00000046cfc00000,0x00000046cfd00000) (1024K)]
  0x000001b72d387200 JavaThread "ForkJoinPool.commonPool-worker-33" daemon [_thread_blocked, id=12060, stack(0x00000046cd600000,0x00000046cd700000) (1024K)]
  0x000001b72d384af0 JavaThread "pool-7-thread-1"                   [_thread_blocked, id=1148, stack(0x00000046cd700000,0x00000046cd800000) (1024K)]
  0x000001b72ed4bbf0 JavaThread "C1 CompilerThread1"         daemon [_thread_blocked, id=19068, stack(0x00000046cd800000,0x00000046cd900000) (1024K)]
  0x000001b72ea77450 JavaThread "C2 CompilerThread1"         daemon [_thread_blocked, id=3480, stack(0x00000046ce500000,0x00000046ce600000) (1024K)]
  0x000001b72ea76430 JavaThread "C2 CompilerThread2"         daemon [_thread_blocked, id=14260, stack(0x00000046ce600000,0x00000046ce700000) (1024K)]
  0x000001b72f46f720 JavaThread "C2 CompilerThread3"         daemon [_thread_blocked, id=13136, stack(0x00000046ce700000,0x00000046ce800000) (1024K)]
Total: 39

Other Threads:
=>0x000001b708170d70 VMThread "VM Thread"                           [id=20860, stack(0x00000046cdc00000,0x00000046cdd00000) (1024K)]
  0x000001b7080f46d0 WatcherThread "VM Periodic Task Thread"        [id=8636, stack(0x00000046cdb00000,0x00000046cdc00000) (1024K)]
  0x000001b7080e2a30 WorkerThread "GC Thread#0"                     [id=2984, stack(0x00000046cda00000,0x00000046cdb00000) (1024K)]
  0x000001b729525af0 WorkerThread "GC Thread#1"                     [id=8776, stack(0x00000046cec00000,0x00000046ced00000) (1024K)]
  0x000001b7292d2510 WorkerThread "GC Thread#2"                     [id=15496, stack(0x00000046ced00000,0x00000046cee00000) (1024K)]
  0x000001b7292d2940 WorkerThread "GC Thread#3"                     [id=21032, stack(0x00000046cee00000,0x00000046cef00000) (1024K)]
  0x000001b729626310 WorkerThread "GC Thread#4"                     [id=14212, stack(0x00000046cf600000,0x00000046cf700000) (1024K)]
  0x000001b729174130 WorkerThread "GC Thread#5"                     [id=20680, stack(0x00000046d0700000,0x00000046d0800000) (1024K)]
  0x000001b729ea9ea0 WorkerThread "GC Thread#6"                     [id=10324, stack(0x00000046d0800000,0x00000046d0900000) (1024K)]
  0x000001b729eaa2f0 WorkerThread "GC Thread#7"                     [id=5560, stack(0x00000046d0900000,0x00000046d0a00000) (1024K)]
  0x000001b729eaafe0 WorkerThread "GC Thread#8"                     [id=8952, stack(0x00000046d0a00000,0x00000046d0b00000) (1024K)]
  0x000001b729eac120 WorkerThread "GC Thread#9"                     [id=8496, stack(0x00000046d0c00000,0x00000046d0d00000) (1024K)]
  0x000001b729ea91b0 WorkerThread "GC Thread#10"                    [id=11576, stack(0x00000046cf100000,0x00000046cf200000) (1024K)]
  0x000001b729ead260 WorkerThread "GC Thread#11"                    [id=8820, stack(0x00000046cf200000,0x00000046cf300000) (1024K)]
  0x000001b729eadf50 WorkerThread "GC Thread#12"                    [id=10776, stack(0x00000046cf300000,0x00000046cf400000) (1024K)]
Total: 15

Threads with active compile tasks:
C2 CompilerThread0  2303948 24840       4       jdk.internal.classfile.impl.SplitConstantPool::methodRefEntry (72 bytes)
C2 CompilerThread2  2303948 25049       4       jdk.internal.classfile.impl.StackMapGenerator::processFieldInstructions (140 bytes)
C2 CompilerThread3  2303948 25023       4       java.lang.classfile.constantpool.ConstantPoolBuilder::methodRefEntry (22 bytes)
Total: 3

VM state: at safepoint (normal execution)

VM Mutex/Monitor currently owned by a thread:  ([mutex/lock_event])
[0x00007ffe47b28ce8] DumpTimeTable_lock - owner thread: 0x000001b708170d70
[0x00007ffe47b294e8] Threads_lock - owner thread: 0x000001b708170d70
[0x00007ffe47b29668] Heap_lock - owner thread: 0x000001b705d5a910

Heap address: 0x0000000080000000, size: 2048 MB, Compressed Oops mode: 32-bit

CDS archive(s) mapped at: [0x0000000014000000-0x0000000014dd0000-0x0000000014dd0000), size 14483456, SharedBaseAddress: 0x0000000014000000, ArchiveRelocationMode: 1.
Compressed class space mapped at: 0x0000000015000000-0x0000000055000000, reserved size: 1073741824
UseCompressedClassPointers 1, UseCompactObjectHeaders 0
Narrow klass pointer bits 32, Max shift 3
Narrow klass base: 0x0000000014000000, Narrow klass shift: 0
Encoding Range: [0x0000000014000000 - 0x0000000114000000), (4294967296 bytes)
Klass Range:    [0x0000000014010000 - 0x0000000055000000), (1090453504 bytes)
Klass ID Range:  [65536 - 1090519033) (1090453497)
Protection zone: [0x0000000014000000 - 0x0000000014010000), (65536 bytes)

GC Precious Log:
 CardTable entry size: 512
 CPUs: 16 total, 16 available
 Memory: 15773M
 Large Page Support: Disabled
 NUMA Support: Disabled
 Compressed Oops: Enabled (32-bit)
 Alignments: Space 512K, Generation 512K, Heap 2M
 Heap Min Capacity: 100M
 Heap Initial Capacity: 100M
 Heap Max Capacity: 2G
 Pre-touch: Disabled
 Parallel Workers: 13

Heap:
 PSYoungGen      total 34304K, used 31121K [0x00000000d5580000, 0x00000000d7f00000, 0x0000000100000000)
  eden space 33280K, 92% used [0x00000000d5580000,0x00000000d737c5e8,0x00000000d7600000)
  from space 1024K, 40% used [0x00000000d7d00000,0x00000000d7d68000,0x00000000d7e00000)
  to   space 512K, 0% used [0x00000000d7e80000,0x00000000d7e80000,0x00000000d7f00000)
 ParOldGen       total 627200K, used 444592K [0x0000000080000000, 0x00000000a6480000, 0x00000000d5580000)
  object space 627200K, 70% used [0x0000000080000000,0x000000009b22c1e8,0x00000000a6480000)

Card table byte_map: [0x000001b707bc0000,0x000001b707fc0000] _byte_map_base: 0x000001b7077c0000

Marking Bits: (ParMarkBitMap*) 0x00007ffe47b2ea00
 Begin Bits: [0x000001b71fbf0000, 0x000001b721bf0000)

Polling page: 0x000001b707690000

Metaspace:
Metaspace        used 89034K, committed 91008K, reserved 1179648K
 class space     used 7908K, committed 8768K, reserved 1048576K

Usage:
  Non-class:     79.22 MB used.
      Class:      7.72 MB used.
       Both:     86.95 MB used.

Virtual space:
  Non-class space:      128.00 MB reserved,      80.31 MB ( 63%) committed,  2 nodes.
      Class space:        1.00 GB reserved,       8.56 MB ( <1%) committed,  1 nodes.
             Both:        1.12 GB reserved,      88.88 MB (  8%) committed. 

Chunk freelists:
   Non-Class:  15.45 MB
       Class:  7.45 MB
        Both:  22.90 MB

MaxMetaspaceSize: unlimited
CompressedClassSpaceSize: 1.00 GB
Initial GC threshold: 21.00 MB
Current GC threshold: 139.38 MB
CDS: on
 - commit_granule_bytes: 65536.
 - commit_granule_words: 8192.
 - virtual_space_node_default_size: 8388608.
 - enlarge_chunks_in_place: 1.
UseCompressedClassPointers 1, UseCompactObjectHeaders 0
Narrow klass pointer bits 32, Max shift 3
Narrow klass base: 0x0000000014000000, Narrow klass shift: 0
Encoding Range: [0x0000000014000000 - 0x0000000114000000), (4294967296 bytes)
Klass Range:    [0x0000000014010000 - 0x0000000055000000), (1090453504 bytes)
Klass ID Range:  [65536 - 1090519033) (1090453497)
Protection zone: [0x0000000014000000 - 0x0000000014010000), (65536 bytes)


Internal statistics:

num_allocs_failed_limit: 9.
num_arena_births: 2148.
num_arena_deaths: 24.
num_vsnodes_births: 3.
num_vsnodes_deaths: 0.
num_space_committed: 1422.
num_space_uncommitted: 0.
num_chunks_returned_to_freelist: 38.
num_chunks_taken_from_freelist: 6330.
num_chunk_merges: 15.
num_chunk_splits: 3926.
num_chunks_enlarged: 2204.
num_inconsistent_stats: 0.

CodeHeap 'non-profiled nmethods': size=119232Kb used=16441Kb max_used=16441Kb free=102790Kb
 bounds [0x000001b7184d0000, 0x000001b7194e0000, 0x000001b71f940000]
CodeHeap 'profiled nmethods': size=119104Kb used=44316Kb max_used=44316Kb free=74788Kb
 bounds [0x000001b710940000, 0x000001b713490000, 0x000001b717d90000]
CodeHeap 'non-nmethods': size=7424Kb used=2196Kb max_used=3345Kb free=5227Kb
 bounds [0x000001b717d90000, 0x000001b7180e0000, 0x000001b7184d0000]
CodeCache: size=245760Kb, used=62953Kb, max_used=64102Kb, free=182805Kb
 total_blobs=23795, nmethods=22887, adapters=808, full_count=0
Compilation: enabled, stopped_count=0, restarted_count=0

Compilation events (20 events):
Event: 2301.409 Thread 0x000001b72ed4bbf0 nmethod 25042 0x000001b713484088 code [0x000001b713484180, 0x000001b713484518]
Event: 2301.409 Thread 0x000001b72ed4bbf0 25043       3       java.lang.invoke.ClassSpecializer$Factory$1$1Var::<init> (137 bytes)
Event: 2301.409 Thread 0x000001b7080d5fe0 25044       3       java.lang.invoke.ClassSpecializer$Factory$1$1Var::nextSlotIndex (24 bytes)
Event: 2301.409 Thread 0x000001b7080d5fe0 nmethod 25044 0x000001b713484588 code [0x000001b713484680, 0x000001b713484a10]
Event: 2301.409 Thread 0x000001b7080d5fe0 25045       3       java.lang.invoke.ClassSpecializer$Factory$1$1Var::emitLoadInstruction (19 bytes)
Event: 2301.409 Thread 0x000001b7080d5fe0 nmethod 25045 0x000001b713484a88 code [0x000001b713484b80, 0x000001b713484d30]
Event: 2301.410 Thread 0x000001b72ea76430 nmethod 24844 0x000001b7194dc388 code [0x000001b7194dc480, 0x000001b7194dd4d8]
Event: 2301.410 Thread 0x000001b72ea76430 25007       4       java.lang.invoke.MemberName::flagsMods (45 bytes)
Event: 2301.410 Thread 0x000001b7080d5fe0 25046       3       jdk.internal.classfile.impl.DirectCodeBuilder::getfield (22 bytes)
Event: 2301.411 Thread 0x000001b72ed4bbf0 nmethod 25043 0x000001b713484d88 code [0x000001b713484e80, 0x000001b7134869b8]
Event: 2301.411 Thread 0x000001b7080d5fe0 nmethod 25046 0x000001b713486a08 code [0x000001b713486b00, 0x000001b713486fd0]
Event: 2301.411 Thread 0x000001b72ea77450 nmethod 25032 0x000001b7194dd588 code [0x000001b7194dd680, 0x000001b7194dd868]
Event: 2301.411 Thread 0x000001b72ea76430 nmethod 25007 0x000001b7194dd888 code [0x000001b7194dd980, 0x000001b7194dd9f0]
Event: 2301.411 Thread 0x000001b72ea77450 25047       4       jdk.internal.classfile.impl.BufWriterImpl::writeIndex (11 bytes)
Event: 2301.411 Thread 0x000001b72ea76430 25009       4       java.lang.invoke.MemberName::init (53 bytes)
Event: 2301.411 Thread 0x000001b72ea76430 nmethod 25009 0x000001b7194ddb88 code [0x000001b7194ddc80, 0x000001b7194ddd20]
Event: 2301.411 Thread 0x000001b72ea76430 25048       4       jdk.internal.classfile.impl.AbstractPoolEntry$Utf8EntryImpl::fieldTypeSymbol (34 bytes)
Event: 2301.412 Thread 0x000001b72ea76430 nmethod 25048 0x000001b7194dde88 code [0x000001b7194ddf80, 0x000001b7194de0a0]
Event: 2301.412 Thread 0x000001b72ea76430 25049       4       jdk.internal.classfile.impl.StackMapGenerator::processFieldInstructions (140 bytes)
Event: 2301.416 Thread 0x000001b72ea77450 nmethod 25047 0x000001b7194de188 code [0x000001b7194de280, 0x000001b7194de5d0]

GC Heap Usage History (20 events):
Event: 1972.371 {heap Before GC invocations=264 (full 4):
 PSYoungGen      total 30208K, used 30112K [0x00000000d5580000, 0x00000000d8200000, 0x0000000100000000)
  eden space 22016K, 100% used [0x00000000d5580000,0x00000000d6b00000,0x00000000d6b00000)
  from space 8192K, 98% used [0x00000000d6b80000,0x00000000d7368000,0x00000000d7380000)
  to   space 11776K, 0% used [0x00000000d7680000,0x00000000d7680000,0x00000000d8200000)
 ParOldGen       total 627200K, used 429088K [0x0000000080000000, 0x00000000a6480000, 0x00000000d55Event: 1972.373 {heap After GC invocations=264 (full 4):
 PSYoungGen      total 27648K, used 1508K [0x00000000d5580000, 0x00000000d7800000, 0x0000000100000000)
  eden space 26112K, 0% used [0x00000000d5580000,0x00000000d5580000,0x00000000d6f00000)
  from space 1536K, 98% used [0x00000000d7680000,0x00000000d77f9230,0x00000000d7800000)
  to   space 4608K, 0% used [0x00000000d6f00000,0x00000000d6f00000,0x00000000d7380000)
 ParOldGen       total 627200K, used 429232K [0x0000000080000000, 0x00000000a6480000, 0x00000000d5580000Event: 1973.459 {heap Before GC invocations=265 (full 4):
 PSYoungGen      total 27648K, used 27620K [0x00000000d5580000, 0x00000000d7800000, 0x0000000100000000)
  eden space 26112K, 100% used [0x00000000d5580000,0x00000000d6f00000,0x00000000d6f00000)
  from space 1536K, 98% used [0x00000000d7680000,0x00000000d77f9230,0x00000000d7800000)
  to   space 4608K, 0% used [0x00000000d6f00000,0x00000000d6f00000,0x00000000d7380000)
 ParOldGen       total 627200K, used 429232K [0x0000000080000000, 0x00000000a6480000, 0x00000000d558Event: 1973.461 {heap After GC invocations=265 (full 4):
 PSYoungGen      total 30720K, used 628K [0x00000000d5580000, 0x00000000d7700000, 0x0000000100000000)
  eden space 26112K, 0% used [0x00000000d5580000,0x00000000d5580000,0x00000000d6f00000)
  from space 4608K, 13% used [0x00000000d6f00000,0x00000000d6f9d220,0x00000000d7380000)
  to   space 1536K, 0% used [0x00000000d7580000,0x00000000d7580000,0x00000000d7700000)
 ParOldGen       total 627200K, used 430538K [0x0000000080000000, 0x00000000a6480000, 0x00000000d5580000)Event: 1973.916 {heap Before GC invocations=266 (full 4):
 PSYoungGen      total 30720K, used 26740K [0x00000000d5580000, 0x00000000d7700000, 0x0000000100000000)
  eden space 26112K, 100% used [0x00000000d5580000,0x00000000d6f00000,0x00000000d6f00000)
  from space 4608K, 13% used [0x00000000d6f00000,0x00000000d6f9d220,0x00000000d7380000)
  to   space 1536K, 0% used [0x00000000d7580000,0x00000000d7580000,0x00000000d7700000)
 ParOldGen       total 627200K, used 430538K [0x0000000080000000, 0x00000000a6480000, 0x00000000d558Event: 1973.917 {heap After GC invocations=266 (full 4):
 PSYoungGen      total 30720K, used 1514K [0x00000000d5580000, 0x00000000d7700000, 0x0000000100000000)
  eden space 29184K, 0% used [0x00000000d5580000,0x00000000d5580000,0x00000000d7200000)
  from space 1536K, 98% used [0x00000000d7580000,0x00000000d76fa910,0x00000000d7700000)
  to   space 2560K, 0% used [0x00000000d7200000,0x00000000d7200000,0x00000000d7480000)
 ParOldGen       total 627200K, used 430958K [0x0000000080000000, 0x00000000a6480000, 0x00000000d5580000Event: 1974.468 {heap Before GC invocations=267 (full 4):
 PSYoungGen      total 30720K, used 30698K [0x00000000d5580000, 0x00000000d7700000, 0x0000000100000000)
  eden space 29184K, 100% used [0x00000000d5580000,0x00000000d7200000,0x00000000d7200000)
  from space 1536K, 98% used [0x00000000d7580000,0x00000000d76fa910,0x00000000d7700000)
  to   space 2560K, 0% used [0x00000000d7200000,0x00000000d7200000,0x00000000d7480000)
 ParOldGen       total 627200K, used 430958K [0x0000000080000000, 0x00000000a6480000, 0x00000000d558Event: 1974.470 {heap After GC invocations=267 (full 4):
 PSYoungGen      total 31744K, used 2281K [0x00000000d5580000, 0x00000000d7680000, 0x0000000100000000)
  eden space 29184K, 0% used [0x00000000d5580000,0x00000000d5580000,0x00000000d7200000)
  from space 2560K, 89% used [0x00000000d7200000,0x00000000d743a440,0x00000000d7480000)
  to   space 2048K, 0% used [0x00000000d7480000,0x00000000d7480000,0x00000000d7680000)
 ParOldGen       total 627200K, used 432447K [0x0000000080000000, 0x00000000a6480000, 0x00000000d5580000Event: 1975.986 {heap Before GC invocations=268 (full 4):
 PSYoungGen      total 31744K, used 31465K [0x00000000d5580000, 0x00000000d7680000, 0x0000000100000000)
  eden space 29184K, 100% used [0x00000000d5580000,0x00000000d7200000,0x00000000d7200000)
  from space 2560K, 89% used [0x00000000d7200000,0x00000000d743a440,0x00000000d7480000)
  to   space 2048K, 0% used [0x00000000d7480000,0x00000000d7480000,0x00000000d7680000)
 ParOldGen       total 627200K, used 432447K [0x0000000080000000, 0x00000000a6480000, 0x00000000d558Event: 1975.987 {heap After GC invocations=268 (full 4):
 PSYoungGen      total 32256K, used 1060K [0x00000000d5580000, 0x00000000d7680000, 0x0000000100000000)
  eden space 30208K, 0% used [0x00000000d5580000,0x00000000d5580000,0x00000000d7300000)
  from space 2048K, 51% used [0x00000000d7480000,0x00000000d7589230,0x00000000d7680000)
  to   space 1536K, 0% used [0x00000000d7300000,0x00000000d7300000,0x00000000d7480000)
 ParOldGen       total 627200K, used 433814K [0x0000000080000000, 0x00000000a6480000, 0x00000000d5580000Event: 1977.010 {heap Before GC invocations=269 (full 4):
 PSYoungGen      total 32256K, used 31268K [0x00000000d5580000, 0x00000000d7680000, 0x0000000100000000)
  eden space 30208K, 100% used [0x00000000d5580000,0x00000000d7300000,0x00000000d7300000)
  from space 2048K, 51% used [0x00000000d7480000,0x00000000d7589230,0x00000000d7680000)
  to   space 1536K, 0% used [0x00000000d7300000,0x00000000d7300000,0x00000000d7480000)
 ParOldGen       total 627200K, used 433814K [0x0000000080000000, 0x00000000a6480000, 0x00000000d558Event: 1977.014 {heap After GC invocations=269 (full 4):
 PSYoungGen      total 31232K, used 1507K [0x00000000d5580000, 0x00000000d8c80000, 0x0000000100000000)
  eden space 29696K, 0% used [0x00000000d5580000,0x00000000d5580000,0x00000000d7280000)
  from space 1536K, 98% used [0x00000000d7300000,0x00000000d7478cf0,0x00000000d7480000)
  to   space 13312K, 0% used [0x00000000d7f80000,0x00000000d7f80000,0x00000000d8c80000)
 ParOldGen       total 627200K, used 443782K [0x0000000080000000, 0x00000000a6480000, 0x00000000d558000Event: 1977.179 {heap Before GC invocations=270 (full 4):
 PSYoungGen      total 31232K, used 31203K [0x00000000d5580000, 0x00000000d8c80000, 0x0000000100000000)
  eden space 29696K, 100% used [0x00000000d5580000,0x00000000d7280000,0x00000000d7280000)
  from space 1536K, 98% used [0x00000000d7300000,0x00000000d7478cf0,0x00000000d7480000)
  to   space 13312K, 0% used [0x00000000d7f80000,0x00000000d7f80000,0x00000000d8c80000)
 ParOldGen       total 627200K, used 443782K [0x0000000080000000, 0x00000000a6480000, 0x00000000d55Event: 1977.180 {heap After GC invocations=270 (full 4):
 PSYoungGen      total 29696K, used 448K [0x00000000d5580000, 0x00000000d8000000, 0x0000000100000000)
  eden space 29184K, 0% used [0x00000000d5580000,0x00000000d5580000,0x00000000d7200000)
  from space 512K, 87% used [0x00000000d7f80000,0x00000000d7ff0000,0x00000000d8000000)
  to   space 4608K, 0% used [0x00000000d7700000,0x00000000d7700000,0x00000000d7b80000)
 ParOldGen       total 627200K, used 444072K [0x0000000080000000, 0x00000000a6480000, 0x00000000d5580000)
Event: 2074.927 {heap Before GC invocations=271 (full 4):
 PSYoungGen      total 29696K, used 29632K [0x00000000d5580000, 0x00000000d8000000, 0x0000000100000000)
  eden space 29184K, 100% used [0x00000000d5580000,0x00000000d7200000,0x00000000d7200000)
  from space 512K, 87% used [0x00000000d7f80000,0x00000000d7ff0000,0x00000000d8000000)
  to   space 4608K, 0% used [0x00000000d7700000,0x00000000d7700000,0x00000000d7b80000)
 ParOldGen       total 627200K, used 444072K [0x0000000080000000, 0x00000000a6480000, 0x00000000d5580Event: 2074.929 {heap After GC invocations=271 (full 4):
 PSYoungGen      total 38912K, used 384K [0x00000000d5580000, 0x00000000d8000000, 0x0000000100000000)
  eden space 34304K, 0% used [0x00000000d5580000,0x00000000d5580000,0x00000000d7700000)
  from space 4608K, 8% used [0x00000000d7700000,0x00000000d7760000,0x00000000d7b80000)
  to   space 1536K, 0% used [0x00000000d7e80000,0x00000000d7e80000,0x00000000d8000000)
 ParOldGen       total 627200K, used 444224K [0x0000000080000000, 0x00000000a6480000, 0x00000000d5580000)
Event: 2300.246 {heap Before GC invocations=272 (full 4):
 PSYoungGen      total 38912K, used 34566K [0x00000000d5580000, 0x00000000d8000000, 0x0000000100000000)
  eden space 34304K, 99% used [0x00000000d5580000,0x00000000d76e1b40,0x00000000d7700000)
  from space 4608K, 8% used [0x00000000d7700000,0x00000000d7760000,0x00000000d7b80000)
  to   space 1536K, 0% used [0x00000000d7e80000,0x00000000d7e80000,0x00000000d8000000)
 ParOldGen       total 627200K, used 444224K [0x0000000080000000, 0x00000000a6480000, 0x00000000d55800Event: 2300.248 {heap After GC invocations=272 (full 4):
 PSYoungGen      total 34304K, used 512K [0x00000000d5580000, 0x00000000d7f00000, 0x0000000100000000)
  eden space 33792K, 0% used [0x00000000d5580000,0x00000000d5580000,0x00000000d7680000)
  from space 512K, 100% used [0x00000000d7e80000,0x00000000d7f00000,0x00000000d7f00000)
  to   space 1024K, 0% used [0x00000000d7d00000,0x00000000d7d00000,0x00000000d7e00000)
 ParOldGen       total 627200K, used 444328K [0x0000000080000000, 0x00000000a6480000, 0x00000000d5580000)Event: 2301.297 {heap Before GC invocations=273 (full 4):
 PSYoungGen      total 34304K, used 34304K [0x00000000d5580000, 0x00000000d7f00000, 0x0000000100000000)
  eden space 33792K, 100% used [0x00000000d5580000,0x00000000d7680000,0x00000000d7680000)
  from space 512K, 100% used [0x00000000d7e80000,0x00000000d7f00000,0x00000000d7f00000)
  to   space 1024K, 0% used [0x00000000d7d00000,0x00000000d7d00000,0x00000000d7e00000)
 ParOldGen       total 627200K, used 444328K [0x0000000080000000, 0x00000000a6480000, 0x00000000d558Event: 2301.299 {heap After GC invocations=273 (full 4):
 PSYoungGen      total 34304K, used 416K [0x00000000d5580000, 0x00000000d7f00000, 0x0000000100000000)
  eden space 33280K, 0% used [0x00000000d5580000,0x00000000d5580000,0x00000000d7600000)
  from space 1024K, 40% used [0x00000000d7d00000,0x00000000d7d68000,0x00000000d7e00000)
  to   space 512K, 0% used [0x00000000d7e80000,0x00000000d7e80000,0x00000000d7f00000)
 ParOldGen       total 627200K, used 444592K [0x0000000080000000, 0x00000000a6480000, 0x00000000d5580000)

Metaspace Usage History (20 events):
Event: 1972.371 {metaspace Before GC invocations=264 (full 4):
 Metaspace       used 87454K, committed 89024K, reserved 1179648K
  class space    used 7650K, committed 8384K, reserved 1048576K
}
Event: 1972.373 {metaspace After GC invocations=264 (full 4):
 Metaspace       used 87454K, committed 89024K, reserved 1179648K
  class space    used 7650K, committed 8384K, reserved 1048576K
}
Event: 1973.459 {metaspace Before GC invocations=265 (full 4):
 Metaspace       used 87471K, committed 89024K, reserved 1179648K
  class space    used 7650K, committed 8384K, reserved 1048576K
}
Event: 1973.461 {metaspace After GC invocations=265 (full 4):
 Metaspace       used 87471K, committed 89024K, reserved 1179648K
  class space    used 7650K, committed 8384K, reserved 1048576K
}
Event: 1973.916 {metaspace Before GC invocations=266 (full 4):
 Metaspace       used 87472K, committed 89024K, reserved 1179648K
  class space    used 7650K, committed 8384K, reserved 1048576K
}
Event: 1973.917 {metaspace After GC invocations=266 (full 4):
 Metaspace       used 87472K, committed 89024K, reserved 1179648K
  class space    used 7650K, committed 8384K, reserved 1048576K
}
Event: 1974.468 {metaspace Before GC invocations=267 (full 4):
 Metaspace       used 87479K, committed 89024K, reserved 1179648K
  class space    used 7650K, committed 8384K, reserved 1048576K
}
Event: 1974.470 {metaspace After GC invocations=267 (full 4):
 Metaspace       used 87479K, committed 89024K, reserved 1179648K
  class space    used 7650K, committed 8384K, reserved 1048576K
}
Event: 1975.986 {metaspace Before GC invocations=268 (full 4):
 Metaspace       used 87509K, committed 89088K, reserved 1179648K
  class space    used 7650K, committed 8384K, reserved 1048576K
}
Event: 1975.987 {metaspace After GC invocations=268 (full 4):
 Metaspace       used 87509K, committed 89088K, reserved 1179648K
  class space    used 7650K, committed 8384K, reserved 1048576K
}
Event: 1977.010 {metaspace Before GC invocations=269 (full 4):
 Metaspace       used 87526K, committed 89088K, reserved 1179648K
  class space    used 7650K, committed 8384K, reserved 1048576K
}
Event: 1977.014 {metaspace After GC invocations=269 (full 4):
 Metaspace       used 87526K, committed 89088K, reserved 1179648K
  class space    used 7650K, committed 8384K, reserved 1048576K
}
Event: 1977.179 {metaspace Before GC invocations=270 (full 4):
 Metaspace       used 87547K, committed 89152K, reserved 1179648K
  class space    used 7650K, committed 8384K, reserved 1048576K
}
Event: 1977.180 {metaspace After GC invocations=270 (full 4):
 Metaspace       used 87547K, committed 89152K, reserved 1179648K
  class space    used 7650K, committed 8384K, reserved 1048576K
}
Event: 2074.927 {metaspace Before GC invocations=271 (full 4):
 Metaspace       used 87563K, committed 89152K, reserved 1179648K
  class space    used 7652K, committed 8384K, reserved 1048576K
}
Event: 2074.929 {metaspace After GC invocations=271 (full 4):
 Metaspace       used 87563K, committed 89152K, reserved 1179648K
  class space    used 7652K, committed 8384K, reserved 1048576K
}
Event: 2300.246 {metaspace Before GC invocations=272 (full 4):
 Metaspace       used 87793K, committed 89344K, reserved 1179648K
  class space    used 7684K, committed 8384K, reserved 1048576K
}
Event: 2300.248 {metaspace After GC invocations=272 (full 4):
 Metaspace       used 87793K, committed 89344K, reserved 1179648K
  class space    used 7684K, committed 8384K, reserved 1048576K
}
Event: 2301.297 {metaspace Before GC invocations=273 (full 4):
 Metaspace       used 88260K, committed 89856K, reserved 1179648K
  class space    used 7743K, committed 8448K, reserved 1048576K
}
Event: 2301.299 {metaspace After GC invocations=273 (full 4):
 Metaspace       used 88260K, committed 89856K, reserved 1179648K
  class space    used 7743K, committed 8448K, reserved 1048576K
}

Dll operation events (12 events):
Event: 0.016 Loaded shared library D:\Semester 3\PBO\jdk-25.0.1\bin\java.dll
Event: 0.036 Loaded shared library D:\Semester 3\PBO\jdk-25.0.1\bin\zip.dll
Event: 0.125 Loaded shared library D:\Semester 3\PBO\jdk-25.0.1\bin\instrument.dll
Event: 0.129 Loaded shared library D:\Semester 3\PBO\jdk-25.0.1\bin\net.dll
Event: 0.132 Loaded shared library D:\Semester 3\PBO\jdk-25.0.1\bin\nio.dll
Event: 0.136 Loaded shared library D:\Semester 3\PBO\jdk-25.0.1\bin\zip.dll
Event: 0.163 Loaded shared library D:\Semester 3\PBO\jdk-25.0.1\bin\jimage.dll
Event: 0.284 Loaded shared library D:\Semester 3\PBO\jdk-25.0.1\bin\verify.dll
Event: 9.195 Loaded shared library C:\Users\anggi\AppData\Roaming\Code\User\globalStorage\redhat.java\1.48.2025111408\config_win\org.eclipse.equinox.launcher\org.eclipse.equinox.launcher.win32.win32.x86_64_1.2.1400.v20250801-0854\eclipse_11916.dll
Event: 19.107 Loaded shared library C:\Users\anggi\AppData\Local\Temp\jna-92960828\jna5802874230268534776.dll
Event: 304.846 Loaded shared library D:\Semester 3\PBO\jdk-25.0.1\bin\sunmscapi.dll
Event: 305.008 Loaded shared library D:\Semester 3\PBO\jdk-25.0.1\bin\extnet.dll

Deoptimization events (20 events):
Event: 2301.318 Thread 0x000001b705d5a910 Uncommon trap: trap_request=0xffffff45 fr.pc=0x000001b71863d674 relative=0x0000000000000074
Event: 2301.318 Thread 0x000001b705d5a910 Uncommon trap: reason=unstable_if action=reinterpret pc=0x000001b71863d674 method=java.lang.invoke.LambdaForm$BasicType.basicType(C)Ljava/lang/invoke/LambdaForm$BasicType; @ 1 c2
Event: 2301.318 Thread 0x000001b705d5a910 DEOPT PACKING pc=0x000001b71863d674 sp=0x00000046cd9fe260
Event: 2301.318 Thread 0x000001b705d5a910 DEOPT UNPACKING pc=0x000001b717ea6982 sp=0x00000046cd9fe1f8 mode 2
Event: 2301.318 Thread 0x000001b705d5a910 Uncommon trap: trap_request=0xffffff45 fr.pc=0x000001b718a32848 relative=0x00000000000008c8
Event: 2301.318 Thread 0x000001b705d5a910 Uncommon trap: reason=unstable_if action=reinterpret pc=0x000001b718a32848 method=java.lang.invoke.LambdaForm$BasicType.basicType(C)Ljava/lang/invoke/LambdaForm$BasicType; @ 1 c2
Event: 2301.318 Thread 0x000001b705d5a910 DEOPT PACKING pc=0x000001b718a32848 sp=0x00000046cd9fe1b0
Event: 2301.318 Thread 0x000001b705d5a910 DEOPT UNPACKING pc=0x000001b717ea6982 sp=0x00000046cd9fdfb0 mode 2
Event: 2301.330 Thread 0x000001b705d5a910 Uncommon trap: trap_request=0xffffffd6 fr.pc=0x000001b7194b5b24 relative=0x00000000000001a4
Event: 2301.330 Thread 0x000001b705d5a910 Uncommon trap: reason=array_check action=maybe_recompile pc=0x000001b7194b5b24 method=java.util.Arrays.fill([Ljava/lang/Object;IILjava/lang/Object;)V @ 20 c2
Event: 2301.330 Thread 0x000001b705d5a910 DEOPT PACKING pc=0x000001b7194b5b24 sp=0x00000046cd9fd9e0
Event: 2301.330 Thread 0x000001b705d5a910 DEOPT UNPACKING pc=0x000001b717ea6982 sp=0x00000046cd9fd968 mode 2
Event: 2301.330 Thread 0x000001b705d5a910 Uncommon trap: trap_request=0xffffffd6 fr.pc=0x000001b7194b5b24 relative=0x00000000000001a4
Event: 2301.330 Thread 0x000001b705d5a910 Uncommon trap: reason=array_check action=maybe_recompile pc=0x000001b7194b5b24 method=java.util.Arrays.fill([Ljava/lang/Object;IILjava/lang/Object;)V @ 20 c2
Event: 2301.331 Thread 0x000001b705d5a910 DEOPT PACKING pc=0x000001b7194b5b24 sp=0x00000046cd9fd9e0
Event: 2301.331 Thread 0x000001b705d5a910 DEOPT UNPACKING pc=0x000001b717ea6982 sp=0x00000046cd9fd968 mode 2
Event: 2301.331 Thread 0x000001b705d5a910 Uncommon trap: trap_request=0xffffffd6 fr.pc=0x000001b7194b5b24 relative=0x00000000000001a4
Event: 2301.331 Thread 0x000001b705d5a910 Uncommon trap: reason=array_check action=maybe_recompile pc=0x000001b7194b5b24 method=java.util.Arrays.fill([Ljava/lang/Object;IILjava/lang/Object;)V @ 20 c2
Event: 2301.331 Thread 0x000001b705d5a910 DEOPT PACKING pc=0x000001b7194b5b24 sp=0x00000046cd9fd9e0
Event: 2301.331 Thread 0x000001b705d5a910 DEOPT UNPACKING pc=0x000001b717ea6982 sp=0x00000046cd9fd968 mode 2

Classes loaded (20 events):
Event: 2300.013 Loading class java/util/concurrent/Executors$DelegatedExecutorService done
Event: 2300.013 Loading class java/util/concurrent/Executors$DelegatedScheduledExecutorService done
Event: 2300.022 Loading class java/util/concurrent/ConcurrentHashMap$EntrySpliterator
Event: 2300.022 Loading class java/util/concurrent/ConcurrentHashMap$EntrySpliterator done
Event: 2300.043 Loading class java/util/zip/Deflater
Event: 2300.044 Loading class java/util/zip/Deflater done
Event: 2300.045 Loading class java/util/zip/Deflater$DeflaterZStreamRef
Event: 2300.045 Loading class java/util/zip/Deflater$DeflaterZStreamRef done
Event: 2300.069 Loading class java/util/Collections$EmptyListIterator
Event: 2300.070 Loading class java/util/Collections$EmptyListIterator done
Event: 2301.009 Loading class javax/security/auth/login/Configuration
Event: 2301.009 Loading class javax/security/auth/login/Configuration done
Event: 2301.270 Loading class java/lang/invoke/GenerateJLIClassesHelper
Event: 2301.271 Loading class java/lang/invoke/GenerateJLIClassesHelper done
Event: 2301.271 Loading class java/lang/invoke/GenerateJLIClassesHelper$HolderClassBuilder
Event: 2301.271 Loading class java/lang/invoke/GenerateJLIClassesHelper$HolderClassBuilder done
Event: 2301.348 Loading class java/lang/invoke/BoundMethodHandle$Species_J
Event: 2301.348 Loading class java/lang/invoke/BoundMethodHandle$Species_J done
Event: 2301.388 Loading class java/lang/invoke/BoundMethodHandle$Species_F
Event: 2301.388 Loading class java/lang/invoke/BoundMethodHandle$Species_F done

Classes unloaded (12 events):
Event: 19.583 Thread 0x000001b708170d70 Unloading class 0x000000001515c800 'java/lang/invoke/LambdaForm$MH+0x000000001515c800'
Event: 19.583 Thread 0x000001b708170d70 Unloading class 0x000000001515c400 'java/lang/invoke/LambdaForm$MH+0x000000001515c400'
Event: 19.583 Thread 0x000001b708170d70 Unloading class 0x000000001515c000 'java/lang/invoke/LambdaForm$MH+0x000000001515c000'
Event: 19.583 Thread 0x000001b708170d70 Unloading class 0x000000001515bc00 'java/lang/invoke/LambdaForm$MH+0x000000001515bc00'
Event: 19.583 Thread 0x000001b708170d70 Unloading class 0x000000001515b800 'java/lang/invoke/LambdaForm$BMH+0x000000001515b800'
Event: 19.583 Thread 0x000001b708170d70 Unloading class 0x000000001515b400 'java/lang/invoke/LambdaForm$DMH+0x000000001515b400'
Event: 19.583 Thread 0x000001b708170d70 Unloading class 0x0000000015159c00 'java/lang/invoke/LambdaForm$DMH+0x0000000015159c00'
Event: 52.884 Thread 0x000001b708170d70 Unloading class 0x00000000154c8800 'java/lang/invoke/LambdaForm$DMH+0x00000000154c8800'
Event: 52.884 Thread 0x000001b708170d70 Unloading class 0x00000000154c8400 'java/lang/invoke/LambdaForm$DMH+0x00000000154c8400'
Event: 52.884 Thread 0x000001b708170d70 Unloading class 0x00000000154c8000 'java/lang/invoke/LambdaForm$DMH+0x00000000154c8000'
Event: 52.884 Thread 0x000001b708170d70 Unloading class 0x00000000154c8c00 'java/lang/invoke/LambdaForm$DMH+0x00000000154c8c00'
Event: 1183.899 Thread 0x000001b708170d70 Unloading class 0x0000000015620000 'java/lang/invoke/LambdaForm$DMH+0x0000000015620000'

Classes redefined (0 events):
No events

Internal exceptions (20 events):
Event: 2301.398 Thread 0x000001b705d5a910 Exception <a 'java/lang/NoSuchMethodError'{0x00000000d6ef57f0}: 'int java.lang.invoke.Invokers$Holder.invoke_MT(java.lang.Object, java.lang.Object)'> (0x00000000d6ef57f0) 
thrown [s\open\src\hotspot\share\interpreter\linkResolver.cpp, line 804]
Event: 2301.399 Thread 0x000001b705d5a910 Exception <a 'java/lang/NoSuchMethodError'{0x00000000d6efdcb0}: 'long java.lang.invoke.Invokers$Holder.invoke_MT(java.lang.Object, java.lang.Object)'> (0x00000000d6efdcb0) 
thrown [s\open\src\hotspot\share\interpreter\linkResolver.cpp, line 804]
Event: 2301.399 Thread 0x000001b705d5a910 Exception <a 'java/lang/NoSuchMethodError'{0x00000000d6f0a048}: 'java.lang.Object java.lang.invoke.Invokers$Holder.linkToCallSite(int, int, int, java.lang.Object)'> (0x00000000d6f0a048) 
thrown [s\open\src\hotspot\share\interpreter\linkResolver.cpp, line 804]
Event: 2301.399 Thread 0x000001b705d5a910 Exception <a 'java/lang/NoSuchMethodError'{0x00000000d6f12770}: 'java.lang.Object java.lang.invoke.Invokers$Holder.linkToCallSite(int, long, java.lang.Object)'> (0x00000000d6f12770) 
thrown [s\open\src\hotspot\share\interpreter\linkResolver.cpp, line 804]
Event: 2301.399 Thread 0x000001b705d5a910 Exception <a 'java/lang/NoSuchMethodError'{0x00000000d6f1ab70}: 'java.lang.Object java.lang.invoke.Invokers$Holder.linkToCallSite(int, java.lang.Object, java.lang.Object, java.lang.Object)'> (0x00000000d6f1ab70) 
thrown [s\open\src\hotspot\share\interpreter\linkResolver.cpp, line 804]
Event: 2301.400 Thread 0x000001b705d5a910 Exception <a 'java/lang/NoSuchMethodError'{0x00000000d6f22f00}: 'java.lang.Object java.lang.invoke.Invokers$Holder.linkToCallSite(int, java.lang.Object, java.lang.Object, java.lang.Object, java.lang.Object)'> (0x00000000d6f22f00) 
thrown [s\open\src\hotspot\share\interpreter\linkResolver.cpp, line 804]
Event: 2301.400 Thread 0x000001b705d5a910 Exception <a 'java/lang/NoSuchMethodError'{0x00000000d6f2f1d0}: 'java.lang.Object java.lang.invoke.Invokers$Holder.linkToCallSite(java.lang.Object, java.lang.Object, java.lang.Object, int, java.lang.Object, java.lang.Object, java.lang.Object)'> (0x00000000d6f2f1d0) 
thrown [s\open\src\hotspot\share\interpreter\linkResolver.cpp, line 804]
Event: 2301.400 Thread 0x000001b705d5a910 Exception <a 'java/lang/NoSuchMethodError'{0x00000000d6f37750}: 'java.lang.Object java.lang.invoke.Invokers$Holder.linkToCallSite(java.lang.Object, java.lang.Object, java.lang.Object, int, java.lang.Object, java.lang.Object)'> (0x00000000d6f37750) 
thrown [s\open\src\hotspot\share\interpreter\linkResolver.cpp, line 804]
Event: 2301.400 Thread 0x000001b705d5a910 Exception <a 'java/lang/NoSuchMethodError'{0x00000000d6f40020}: 'java.lang.Object java.lang.invoke.Invokers$Holder.linkToCallSite(java.lang.Object, java.lang.Object, java.lang.Object, int, java.lang.Object)'> (0x00000000d6f40020) 
thrown [s\open\src\hotspot\share\interpreter\linkResolver.cpp, line 804]
Event: 2301.400 Thread 0x000001b705d5a910 Exception <a 'java/lang/NoSuchMethodError'{0x00000000d6f4b018}: 'java.lang.Object java.lang.invoke.Invokers$Holder.linkToCallSite(java.lang.Object, java.lang.Object, java.lang.Object, java.lang.Object, java.lang.Object, java.lang.Object, java.lang.Object, java.lang.Object, java.lang.Object, int, java.lang.Object, java.lang.Object, java.lang.Object, java.lang.Object)'> (0x00000000d6f4b018) 
thrown [s\open\src\hotspot\share\interpreter\linkResolver.cpp, line 804]
Event: 2301.401 Thread 0x000001b705d5a910 Exception <a 'java/lang/NoSuchMethodError'{0x00000000d6f565f0}: 'java.lang.Object java.lang.invoke.Invokers$Holder.linkToCallSite(java.lang.Object, int, int, java.lang.Object, java.lang.Object)'> (0x00000000d6f565f0) 
thrown [s\open\src\hotspot\share\interpreter\linkResolver.cpp, line 804]
Event: 2301.401 Thread 0x000001b705d5a910 Exception <a 'java/lang/NoSuchMethodError'{0x00000000d6f5e928}: 'java.lang.Object java.lang.invoke.Invokers$Holder.linkToCallSite(java.lang.Object, int, java.lang.Object, java.lang.Object, java.lang.Object)'> (0x00000000d6f5e928) 
thrown [s\open\src\hotspot\share\interpreter\linkResolver.cpp, line 804]
Event: 2301.401 Thread 0x000001b705d5a910 Exception <a 'java/lang/NoSuchMethodError'{0x00000000d6f67048}: 'java.lang.Object java.lang.invoke.Invokers$Holder.linkToCallSite(java.lang.Object, int, java.lang.Object, java.lang.Object, java.lang.Object, java.lang.Object, java.lang.Object)'> (0x00000000d6f67048) 
thrown [s\open\src\hotspot\share\interpreter\linkResolver.cpp, line 804]
Event: 2301.401 Thread 0x000001b705d5a910 Exception <a 'java/lang/NoSuchMethodError'{0x00000000d6f6f5b8}: 'java.lang.Object java.lang.invoke.Invokers$Holder.linkToCallSite(java.lang.Object, int, java.lang.Object, int, java.lang.Object, java.lang.Object)'> (0x00000000d6f6f5b8) 
thrown [s\open\src\hotspot\share\interpreter\linkResolver.cpp, line 804]
Event: 2301.402 Thread 0x000001b705d5a910 Exception <a 'java/lang/NoSuchMethodError'{0x00000000d6f77bc0}: 'java.lang.Object java.lang.invoke.Invokers$Holder.linkToCallSite(java.lang.Object, int, java.lang.Object, java.lang.Object)'> (0x00000000d6f77bc0) 
thrown [s\open\src\hotspot\share\interpreter\linkResolver.cpp, line 804]
Event: 2301.402 Thread 0x000001b705d5a910 Exception <a 'java/lang/NoSuchMethodError'{0x00000000d6f80848}: 'java.lang.Object java.lang.invoke.Invokers$Holder.linkToCallSite(java.lang.Object, long, java.lang.Object, java.lang.Object)'> (0x00000000d6f80848) 
thrown [s\open\src\hotspot\share\interpreter\linkResolver.cpp, line 804]
Event: 2301.402 Thread 0x000001b705d5a910 Exception <a 'java/lang/NoSuchMethodError'{0x00000000d6f84b00}: 'java.lang.Object java.lang.invoke.Invokers$Holder.linkToCallSite(java.lang.Object, long, java.lang.Object)'> (0x00000000d6f84b00) 
thrown [s\open\src\hotspot\share\interpreter\linkResolver.cpp, line 804]
Event: 2301.403 Thread 0x000001b705d5a910 Exception <a 'java/lang/NoSuchMethodError'{0x00000000d6f90fd8}: 'java.lang.Object java.lang.invoke.Invokers$Holder.linkToCallSite(java.lang.Object, java.lang.Object, int, java.lang.Object, java.lang.Object)'> (0x00000000d6f90fd8) 
thrown [s\open\src\hotspot\share\interpreter\linkResolver.cpp, line 804]
Event: 2301.403 Thread 0x000001b705d5a910 Exception <a 'java/lang/NoSuchMethodError'{0x00000000d6f99340}: 'java.lang.Object java.lang.invoke.Invokers$Holder.linkToCallSite(java.lang.Object, java.lang.Object, int, java.lang.Object)'> (0x00000000d6f99340) 
thrown [s\open\src\hotspot\share\interpreter\linkResolver.cpp, line 804]
Event: 2301.403 Thread 0x000001b705d5a910 Exception <a 'java/lang/NoSuchMethodError'{0x00000000d6fa1db8}: 'java.lang.Object java.lang.invoke.Invokers$Holder.linkToCallSite(java.lang.Object, java.lang.Object, long, java.lang.Object)'> (0x00000000d6fa1db8) 
thrown [s\open\src\hotspot\share\interpreter\linkResolver.cpp, line 804]

VM Operations (20 events):
Event: 2300.248 Executing safepoint VM operation: ParallelCollectForAllocation (Allocation Failure) done
Event: 2301.086 Executing non-safepoint VM operation: HandshakeAllThreads (Deoptimize)
Event: 2301.086 Executing non-safepoint VM operation: HandshakeAllThreads (Deoptimize) done
Event: 2301.189 Executing non-safepoint VM operation: HandshakeAllThreads (Deoptimize)
Event: 2301.189 Executing non-safepoint VM operation: HandshakeAllThreads (Deoptimize) done
Event: 2301.198 Executing non-safepoint VM operation: HandshakeAllThreads (Deoptimize)
Event: 2301.198 Executing non-safepoint VM operation: HandshakeAllThreads (Deoptimize) done
Event: 2301.208 Executing non-safepoint VM operation: HandshakeAllThreads (Deoptimize)
Event: 2301.208 Executing non-safepoint VM operation: HandshakeAllThreads (Deoptimize) done
Event: 2301.212 Executing non-safepoint VM operation: HandshakeAllThreads (Deoptimize)
Event: 2301.212 Executing non-safepoint VM operation: HandshakeAllThreads (Deoptimize) done
Event: 2301.217 Executing non-safepoint VM operation: HandshakeAllThreads (Deoptimize)
Event: 2301.217 Executing non-safepoint VM operation: HandshakeAllThreads (Deoptimize) done
Event: 2301.225 Executing non-safepoint VM operation: HandshakeAllThreads (Deoptimize)
Event: 2301.225 Executing non-safepoint VM operation: HandshakeAllThreads (Deoptimize) done
Event: 2301.241 Executing non-safepoint VM operation: HandshakeAllThreads (Deoptimize)
Event: 2301.241 Executing non-safepoint VM operation: HandshakeAllThreads (Deoptimize) done
Event: 2301.297 Executing safepoint VM operation: ParallelCollectForAllocation (Allocation Failure)
Event: 2301.299 Executing safepoint VM operation: ParallelCollectForAllocation (Allocation Failure) done
Event: 2301.417 Executing safepoint VM operation: PopulateDumpSharedSpace

Memory protections (0 events):
No events

Nmethod flushes (20 events):
Event: 1183.960 Thread 0x000001b708170d70 flushing  nmethod 0x000001b711af9508
Event: 1183.960 Thread 0x000001b708170d70 flushing  nmethod 0x000001b711af9e08
Event: 1183.960 Thread 0x000001b708170d70 flushing  nmethod 0x000001b711afb008
Event: 1183.960 Thread 0x000001b708170d70 flushing  nmethod 0x000001b711b2a588
Event: 1183.960 Thread 0x000001b708170d70 flushing  nmethod 0x000001b711b2d488
Event: 1183.960 Thread 0x000001b708170d70 flushing  nmethod 0x000001b711b36e88
Event: 1183.960 Thread 0x000001b708170d70 flushing  nmethod 0x000001b711b40b88
Event: 1183.960 Thread 0x000001b708170d70 flushing  nmethod 0x000001b711b4c708
Event: 1183.960 Thread 0x000001b708170d70 flushing  nmethod 0x000001b711b4cc88
Event: 1183.960 Thread 0x000001b708170d70 flushing  nmethod 0x000001b711b4d088
Event: 1183.960 Thread 0x000001b708170d70 flushing  nmethod 0x000001b711b4de08
Event: 1183.960 Thread 0x000001b708170d70 flushing  nmethod 0x000001b711b4ed08
Event: 1183.960 Thread 0x000001b708170d70 flushing  nmethod 0x000001b711b4f008
Event: 1183.960 Thread 0x000001b708170d70 flushing  nmethod 0x000001b711b4f808
Event: 1183.960 Thread 0x000001b708170d70 flushing  nmethod 0x000001b711b56008
Event: 1183.960 Thread 0x000001b708170d70 flushing  nmethod 0x000001b711b5a588
Event: 1183.960 Thread 0x000001b708170d70 flushing  nmethod 0x000001b711cb5488
Event: 1183.960 Thread 0x000001b708170d70 flushing  nmethod 0x000001b711cb7608
Event: 1183.960 Thread 0x000001b708170d70 flushing  nmethod 0x000001b711cbe688
Event: 1183.960 Thread 0x000001b708170d70 flushing  nmethod 0x000001b711ce7808

Events (20 events):
Event: 2300.190 Thread 0x000001b7080d5fe0 Thread added: 0x000001b72ea77450
Event: 2300.997 Thread 0x000001b728d36480 Thread exited: 0x000001b728d36480
Event: 2300.999 Thread 0x000001b72ea77450 Thread exited: 0x000001b72ea77450
Event: 2301.145 Thread 0x000001b729026cd0 Thread exited: 0x000001b729026cd0
Event: 2301.145 Thread 0x000001b72e444f90 Thread exited: 0x000001b72e444f90
Event: 2301.145 Thread 0x000001b72d39e130 Thread exited: 0x000001b72d39e130
Event: 2301.149 Thread 0x000001b728a04340 Thread exited: 0x000001b728a04340
Event: 2301.160 Thread 0x000001b728e754d0 Thread exited: 0x000001b728e754d0
Event: 2301.160 Thread 0x000001b7294a0eb0 Thread exited: 0x000001b7294a0eb0
Event: 2301.161 Thread 0x000001b7294a5500 Thread exited: 0x000001b7294a5500
Event: 2301.161 Thread 0x000001b728d32600 Thread exited: 0x000001b728d32600
Event: 2301.162 Thread 0x000001b7294a7c10 Thread exited: 0x000001b7294a7c10
Event: 2301.171 Thread 0x000001b72d389140 Thread exited: 0x000001b72d389140
Event: 2301.172 Thread 0x000001b705d5a910 Thread added: 0x000001b72d38a8b0
Event: 2301.172 Thread 0x000001b72d38a8b0 Thread exited: 0x000001b72d38a8b0
Event: 2301.173 Thread 0x000001b705d5a910 Before exit entered
Event: 2301.275 Thread 0x000001b7080d5fe0 Thread added: 0x000001b72ed4bbf0
Event: 2301.331 Thread 0x000001b72ed4bbf0 Thread added: 0x000001b72ea77450
Event: 2301.333 Thread 0x000001b72ed4bbf0 Thread added: 0x000001b72ea76430
Event: 2301.401 Thread 0x000001b7080d5fe0 Thread added: 0x000001b72f46f720


Dynamic libraries:
0x00007ff7addb0000 - 0x00007ff7addc0000 	D:\Semester 3\PBO\jdk-25.0.1\bin\java.exe
0x00007ffef2340000 - 0x00007ffef25a8000 	C:\WINDOWS\SYSTEM32\ntdll.dll
0x00007ffef1540000 - 0x00007ffef1609000 	C:\WINDOWS\System32\KERNEL32.DLL
0x00007ffeef6a0000 - 0x00007ffeefa98000 	C:\WINDOWS\System32\KERNELBASE.dll
0x00007ffeef490000 - 0x00007ffeef5db000 	C:\WINDOWS\System32\ucrtbase.dll
0x00007ffeca950000 - 0x00007ffeca96e000 	D:\Semester 3\PBO\jdk-25.0.1\bin\VCRUNTIME140.dll
0x00007ffed71d0000 - 0x00007ffed71e7000 	D:\Semester 3\PBO\jdk-25.0.1\bin\jli.dll
0x00007ffef1880000 - 0x00007ffef1a47000 	C:\WINDOWS\System32\USER32.dll
0x00007ffedb190000 - 0x00007ffedb424000 	C:\WINDOWS\WinSxS\amd64_microsoft.windows.common-controls_6595b64144ccf1df_6.0.26100.7019_none_3e06ffa0e335b8a8\COMCTL32.dll
0x00007ffef00b0000 - 0x00007ffef00d7000 	C:\WINDOWS\System32\win32u.dll
0x00007ffef02f0000 - 0x00007ffef0399000 	C:\WINDOWS\System32\msvcrt.dll
0x00007ffef00e0000 - 0x00007ffef010b000 	C:\WINDOWS\System32\GDI32.dll
0x00007ffeeff80000 - 0x00007ffef00ac000 	C:\WINDOWS\System32\gdi32full.dll
0x00007ffeefb50000 - 0x00007ffeefbf3000 	C:\WINDOWS\System32\msvcp_win.dll
0x00007ffef1ee0000 - 0x00007ffef1f11000 	C:\WINDOWS\System32\IMM32.DLL
0x00007ffee2af0000 - 0x00007ffee2afc000 	D:\Semester 3\PBO\jdk-25.0.1\bin\vcruntime140_1.dll
0x00007ffe8aac0000 - 0x00007ffe8ab4d000 	D:\Semester 3\PBO\jdk-25.0.1\bin\msvcp140.dll
0x00007ffe46db0000 - 0x00007ffe47c0f000 	D:\Semester 3\PBO\jdk-25.0.1\bin\server\jvm.dll
0x00007ffef1480000 - 0x00007ffef1534000 	C:\WINDOWS\System32\ADVAPI32.dll
0x00007ffef03a0000 - 0x00007ffef0446000 	C:\WINDOWS\System32\sechost.dll
0x00007ffef1f20000 - 0x00007ffef2038000 	C:\WINDOWS\System32\RPCRT4.dll
0x00007ffef1de0000 - 0x00007ffef1e54000 	C:\WINDOWS\System32\WS2_32.dll
0x00007ffeef150000 - 0x00007ffeef1ae000 	C:\WINDOWS\SYSTEM32\POWRPROF.dll
0x00007ffee8300000 - 0x00007ffee8335000 	C:\WINDOWS\SYSTEM32\WINMM.dll
0x00007ffee8340000 - 0x00007ffee834b000 	C:\WINDOWS\SYSTEM32\VERSION.dll
0x00007ffeef130000 - 0x00007ffeef144000 	C:\WINDOWS\SYSTEM32\UMPDC.dll
0x00007ffeee1b0000 - 0x00007ffeee1cb000 	C:\WINDOWS\SYSTEM32\kernel.appcore.dll
0x00007ffee2a00000 - 0x00007ffee2a0a000 	D:\Semester 3\PBO\jdk-25.0.1\bin\jimage.dll
0x00007ffeec6b0000 - 0x00007ffeec8f2000 	C:\WINDOWS\SYSTEM32\DBGHELP.DLL
0x00007ffef1a50000 - 0x00007ffef1ddb000 	C:\WINDOWS\System32\combase.dll
0x00007ffef0210000 - 0x00007ffef02e7000 	C:\WINDOWS\System32\OLEAUT32.dll
0x00007ffedcb30000 - 0x00007ffedcb6c000 	C:\WINDOWS\SYSTEM32\dbgcore.DLL
0x00007ffeefaa0000 - 0x00007ffeefb45000 	C:\WINDOWS\System32\bcryptPrimitives.dll
0x00007ffee23f0000 - 0x00007ffee2400000 	D:\Semester 3\PBO\jdk-25.0.1\bin\instrument.dll
0x00007ffec1730000 - 0x00007ffec174f000 	D:\Semester 3\PBO\jdk-25.0.1\bin\java.dll
0x00007ffef1610000 - 0x00007ffef17a7000 	C:\WINDOWS\System32\ole32.dll
0x00007ffef0cf0000 - 0x00007ffef143f000 	C:\WINDOWS\System32\SHELL32.dll
0x00007ffeefc00000 - 0x00007ffeefd6b000 	C:\WINDOWS\System32\wintypes.dll
0x00007ffec12a0000 - 0x00007ffec12b7000 	D:\Semester 3\PBO\jdk-25.0.1\bin\zip.dll
0x00007ffeed0d0000 - 0x00007ffeed92d000 	C:\WINDOWS\SYSTEM32\windows.storage.dll
0x00007ffef04c0000 - 0x00007ffef05b2000 	C:\WINDOWS\System32\SHCORE.dll
0x00007ffef0450000 - 0x00007ffef04b7000 	C:\WINDOWS\System32\shlwapi.dll
0x00007ffeef3b0000 - 0x00007ffeef3d9000 	C:\WINDOWS\SYSTEM32\profapi.dll
0x00007ffec8010000 - 0x00007ffec8022000 	D:\Semester 3\PBO\jdk-25.0.1\bin\net.dll
0x00007ffeee7c0000 - 0x00007ffeee82b000 	C:\WINDOWS\system32\mswsock.dll
0x00007ffebaad0000 - 0x00007ffebaae6000 	D:\Semester 3\PBO\jdk-25.0.1\bin\nio.dll
0x00007ffedf280000 - 0x00007ffedf290000 	D:\Semester 3\PBO\jdk-25.0.1\bin\verify.dll
0x00007ffe81450000 - 0x00007ffe81494000 	C:\Users\anggi\AppData\Roaming\Code\User\globalStorage\redhat.java\1.48.2025111408\config_win\org.eclipse.equinox.launcher\org.eclipse.equinox.launcher.win32.win32.x86_64_1.2.1400.v20250801-0854\eclipse_11916.dll
0x00007ffeeea80000 - 0x00007ffeeea9b000 	C:\WINDOWS\SYSTEM32\CRYPTSP.dll
0x00007ffeee1d0000 - 0x00007ffeee20a000 	C:\WINDOWS\system32\rsaenh.dll
0x00007ffeee870000 - 0x00007ffeee89b000 	C:\WINDOWS\SYSTEM32\USERENV.dll
0x00007ffeef380000 - 0x00007ffeef3aa000 	C:\WINDOWS\SYSTEM32\bcrypt.dll
0x00007ffeeeaa0000 - 0x00007ffeeeaac000 	C:\WINDOWS\SYSTEM32\CRYPTBASE.dll
0x00007ffeedd10000 - 0x00007ffeedd44000 	C:\WINDOWS\SYSTEM32\IPHLPAPI.DLL
0x00007ffef17d0000 - 0x00007ffef17da000 	C:\WINDOWS\System32\NSI.dll
0x00007ffebb4b0000 - 0x00007ffebb4f9000 	C:\Users\anggi\AppData\Local\Temp\jna-92960828\jna5802874230268534776.dll
0x00007ffef22e0000 - 0x00007ffef22e8000 	C:\WINDOWS\System32\PSAPI.DLL
0x00007ffee6040000 - 0x00007ffee6168000 	C:\WINDOWS\SYSTEM32\winhttp.dll
0x00007ffee8230000 - 0x00007ffee824e000 	C:\WINDOWS\SYSTEM32\dhcpcsvc6.DLL
0x00007ffee8200000 - 0x00007ffee8223000 	C:\WINDOWS\SYSTEM32\dhcpcsvc.DLL
0x00007ffeee370000 - 0x00007ffeee3a6000 	C:\WINDOWS\SYSTEM32\ntmarta.dll
0x00007ffeea0b0000 - 0x00007ffeea0be000 	D:\Semester 3\PBO\jdk-25.0.1\bin\sunmscapi.dll
0x00007ffeefd70000 - 0x00007ffeefee7000 	C:\WINDOWS\System32\CRYPT32.dll
0x00007ffeeed10000 - 0x00007ffeeed40000 	C:\WINDOWS\SYSTEM32\ncrypt.dll
0x00007ffeeecc0000 - 0x00007ffeeecff000 	C:\WINDOWS\SYSTEM32\NTASN1.dll
0x00007ffeedd50000 - 0x00007ffeede7c000 	C:\WINDOWS\SYSTEM32\DNSAPI.dll
0x00007ffee4d20000 - 0x00007ffee4d2b000 	C:\Windows\System32\rasadhlp.dll
0x00007ffee8840000 - 0x00007ffee88c6000 	C:\WINDOWS\System32\fwpuclnt.dll
0x00007ffeddfc0000 - 0x00007ffeddfc9000 	D:\Semester 3\PBO\jdk-25.0.1\bin\extnet.dll

JVMTI agents:
c:\Users\anggi\.vscode\extensions\redhat.java-1.48.2025111408\lombok\lombok-1.18.39-4050.jar path:D:\Semester 3\PBO\jdk-25.0.1\bin\instrument.dll, loaded, initialized, instrumentlib options:none

dbghelp: loaded successfully - version: 4.0.5 - missing functions: none
symbol engine: initialized successfully - sym options: 0x614 - pdb path: .;D:\Semester 3\PBO\jdk-25.0.1\bin;C:\WINDOWS\SYSTEM32;C:\WINDOWS\WinSxS\amd64_microsoft.windows.common-controls_6595b64144ccf1df_6.0.26100.7019_none_3e06ffa0e335b8a8;D:\Semester 3\PBO\jdk-25.0.1\bin\server;C:\Users\anggi\AppData\Roaming\Code\User\globalStorage\redhat.java\1.48.2025111408\config_win\org.eclipse.equinox.launcher\org.eclipse.equinox.launcher.win32.win32.x86_64_1.2.1400.v20250801-0854;C:\Users\anggi\AppData\Local\Temp\jna-92960828

VM Arguments:
jvm_args: -Djdk.xml.maxGeneralEntitySizeLimit=0 -Djdk.xml.totalEntitySizeLimit=0 --add-modules=ALL-SYSTEM --add-opens=java.base/java.util=ALL-UNNAMED --add-opens=java.base/java.lang=ALL-UNNAMED --add-opens=java.base/sun.nio.fs=ALL-UNNAMED -Declipse.application=org.eclipse.jdt.ls.core.id1 -Dosgi.bundles.defaultStartLevel=4 -Declipse.product=org.eclipse.jdt.ls.core.product -Djava.import.generatesMetadataFilesAtProjectRoot=false -DDetectVMInstallationsJob.disabled=true -Dfile.encoding=utf8 -XX:+UseParallelGC -XX:GCTimeRatio=4 -XX:AdaptiveSizePolicyWeight=90 -Dsun.zip.disableMemoryMapping=true -Xmx2G -Xms100m -Xlog:disable -javaagent:c:\Users\anggi\.vscode\extensions\redhat.java-1.48.2025111408\lombok\lombok-1.18.39-4050.jar -XX:+HeapDumpOnOutOfMemoryError -XX:HeapDumpPath=c:\Users\anggi\AppData\Roaming\Code\User\workspaceStorage\7c8b50e28cf072eb8845b0357614f798\redhat.java -Daether.dependencyCollector.impl=bf -XX:+UnlockDiagnosticVMOptions -XX:+AllowArchivingWithJavaAgent -XX:+AutoCreateSharedArchive -XX:SharedArchiveFile=c:\Users\anggi\AppData\Roaming\Code\User\globalStorage\redhat.java\1.48.2025111408\jdtls.jsa 
java_command: c:\Users\anggi\.vscode\extensions\redhat.java-1.48.2025111408\server\plugins\org.eclipse.equinox.launcher_1.7.100.v20251111-0406.jar -configuration c:\Users\anggi\AppData\Roaming\Code\User\globalStorage\redhat.java\1.48.2025111408\config_win -data c:\Users\anggi\AppData\Roaming\Code\User\workspaceStorage\7c8b50e28cf072eb8845b0357614f798\redhat.java\jdt_ws --pipe=\\.\pipe\lsp-1ec6f52d1d107921033518fd5994b7a9-sock
java_class_path (initial): c:\Users\anggi\.vscode\extensions\redhat.java-1.48.2025111408\server\plugins\org.eclipse.equinox.launcher_1.7.100.v20251111-0406.jar
Launcher Type: SUN_STANDARD

[Global flags]
     bool AOTInvokeDynamicLinking                  = false                                  {diagnostic} {ergonomic}
     bool AOTRecordTraining                        = false                                  {diagnostic} {ergonomic}
     bool AOTReplayTraining                        = false                                  {diagnostic} {ergonomic}
     uint AdaptiveSizePolicyWeight                 = 90                                        {product} {command line}
     bool AllowArchivingWithJavaAgent              = true                                   {diagnostic} {command line}
    ccstr ArchiveClassesAtExit                     = c:\Users\anggi\AppData\Roaming\Code\User\globalStorage\redhat.java\1.48.2025111408\jdtls.jsa            {product} {ergonomic}
     bool AutoCreateSharedArchive                  = true                                      {product} {command line}
     intx CICompilerCount                          = 12                                        {product} {ergonomic}
     uint GCTimeRatio                              = 4                                         {product} {command line}
     bool HeapDumpOnOutOfMemoryError               = true                                   {manageable} {command line}
    ccstr HeapDumpPath                             = c:\Users\anggi\AppData\Roaming\Code\User\workspaceStorage\7c8b50e28cf072eb8845b0357614f798\redhat.java         {manageable} {command line}
   size_t InitialHeapSize                          = 104857600                                 {product} {command line}
   size_t MaxHeapSize                              = 2147483648                                {product} {command line}
   size_t MaxNewSize                               = 715653120                                 {product} {ergonomic}
   size_t MinHeapDeltaBytes                        = 524288                                    {product} {ergonomic}
   size_t MinHeapSize                              = 104857600                                 {product} {command line}
   size_t NewSize                                  = 34603008                                  {product} {ergonomic}
    uintx NonNMethodCodeHeapSize                   = 7602176                                {pd product} {ergonomic}
    uintx NonProfiledCodeHeapSize                  = 122093568                              {pd product} {ergonomic}
    uintx ProfiledCodeHeapSize                     = 121962496                              {pd product} {ergonomic}
    uintx ReservedCodeCacheSize                    = 251658240                              {pd product} {ergonomic}
     bool SegmentedCodeCache                       = true                                      {product} {ergonomic}
    ccstr SharedArchiveFile                        =                                           {product} {command line, ergonomic}
   size_t SoftMaxHeapSize                          = 2147483648                             {manageable} {ergonomic}
     bool UnlockDiagnosticVMOptions                = true                                   {diagnostic} {command line}
     bool UseCompressedOops                        = true                           {product lp64_product} {ergonomic}
     bool UseLargePagesIndividualAllocation        = false                                  {pd product} {ergonomic}
     bool UseParallelGC                            = true                                      {product} {command line}
      int X86ICacheSync                            = 3                                 {ARCH diagnostic} {ergonomic}

Logging:
Log output configuration:
 #0: stdout all=off uptime,level,tags foldmultilines=false
 #1: stderr all=off uptime,level,tags foldmultilines=false

Release file:
IMPLEMENTOR="Oracle Corporation" 
JAVA_RUNTIME_VERSION="25.0.1+8-LTS-27" 
JAVA_VERSION="25.0.1" 
JAVA_VERSION_DATE="2025-10-21" 
LIBC="default" 
MODULES="java.base java.compiler java.datatransfer java.xml java.prefs java.desktop java.instrument java.logging java.management java.security.sasl java.naming java.rmi java.management.rmi java.net.http java.scripting java.security.jgss java.transaction.xa java.sql java.sql.rowset java.xml.crypto java.se java.smartcardio jdk.accessibility jdk.internal.jvmstat jdk.attach jdk.charsets jdk.internal.opt jdk.zipfs jdk.compiler jdk.crypto.cryptoki jdk.crypto.ec jdk.crypto.mscapi jdk.dynalink jdk.internal.ed jdk.editpad jdk.internal.vm.ci jdk.graal.compiler jdk.graal.compiler.management jdk.hotspot.agent jdk.httpserver jdk.incubator.vector jdk.internal.le jdk.internal.md jdk.jartool jdk.javadoc jdk.jcmd jdk.management jdk.management.agent jdk.jconsole jdk.jdeps jdk.jdwp.agent jdk.jdi jdk.jfr jdk.jlink jdk.jpackage jdk.jshell jdk.jsobject jdk.jstatd jdk.localedata jdk.management.jfr jdk.naming.dns jdk.naming.rmi jdk.net jdk.nio.mapmode jdk.sctp jdk.security.auth jdk.security.jgss jdk.unsupported jdk.unsupported.desktop jdk.xml.dom" 
OS_ARCH="x86_64" 
OS_NAME="Windows" 
SOURCE=".:git:862c85bc42b7 open:git:78770bfaefd2" 

Environment Variables:
PATH=C:\Program Files\Common Files\Oracle\Java\javapath;C:\WINDOWS\system32;C:\WINDOWS;C:\WINDOWS\System32\Wbem;C:\WINDOWS\System32\WindowsPowerShell\v1.0\;C:\WINDOWS\System32\OpenSSH\;C:\Program Files\Git\cmd;C:\Program Files (x86)\Microsoft SQL Server\160\Tools\Binn\;C:\Program Files\Microsoft SQL Server\160\Tools\Binn\;C:\Program Files\Microsoft SQL Server\Client SDK\ODBC\170\Tools\Binn\;C:\Program Files\Microsoft SQL Server\160\DTS\Binn\;C:\Program Files (x86)\Microsoft SQL Server\160\DTS\Binn\;D:\Semester 3\PBO\jdk-25.0.1\bin;D:\Semester 3\PBO\apache-maven-3.9.11\bin;C:\Program Files\Netbird;C:\Users\anggi\AppData\Local\Programs\Python\Python313\Scripts\;C:\Users\anggi\AppData\Local\Programs\Python\Python313\;C:\MinGW\bin;C:\Users\anggi\AppData\Local\Microsoft\WindowsApps;D:\Semester 3\PBO\apache-maven-3.9.11\bin;D:\Semester 3\PBO\jdk-25.0.1\bin;C:\Users\anggi\AppData\Local\GitHubDesktop\bin;C:\Users\anggi\AppData\Local\Programs\Microsoft VS Code\bin
USERNAME=anggi
OS=Windows_NT
PROCESSOR_IDENTIFIER=AMD64 Family 25 Model 80 Stepping 0, AuthenticAMD
TMP=C:\Users\anggi\AppData\Local\Temp
TEMP=C:\Users\anggi\AppData\Local\Temp




Compilation memory statistics disabled.

Periodic native trim disabled

---------------  S Y S T E M  ---------------

OS:
 Windows 11 , 64 bit Build 26100 (10.0.26100.7019)
OS uptime: 0 days 5:12 hours

CPU: total 16 (initial active 16) (16 cores per cpu, 2 threads per core) family 25 model 80 stepping 0 microcode 0xa50000d, cx8, cmov, fxsr, ht, mmx, 3dnowpref, sse, sse2, sse3, ssse3, sse4a, sse4.1, sse4.2, popcnt, lzcnt, tsc, tscinvbit, avx, avx2, aes, erms, clmul, bmi1, bmi2, adx, sha, fma, vzeroupper, clflush, clflushopt, clwb, rdtscp, rdpid, fsrm, f16c, pku, cet_ss
Processor Information for the first 16 processors :
  Max Mhz: 2000, Current Mhz: 2000, Mhz Limit: 2000

Memory: 4k page, system-wide physical 15773M (8949M free)
TotalPageFile size 19357M (AvailPageFile size 10378M)
current process WorkingSet (physical memory assigned to process): 1094M, peak: 1094M
current process commit charge ("private bytes"): 1167M, peak: 1167M

vm_info: Java HotSpot(TM) 64-Bit Server VM (25.0.1+8-LTS-27) for windows-amd64 JRE (25.0.1+8-LTS-27), built on 2025-09-25T16:41:16Z with unknown MS VC++:1943

END.
